<?xml version="1.0" encoding="UTF-8"?>
<testsuite xmlns:xsi="http://www.w3.org/2001/XMLSchema-instance" xsi:noNamespaceSchemaLocation="https://maven.apache.org/surefire/maven-surefire-plugin/xsd/surefire-test-report.xsd" version="3.0.2" name="com.ecommerce.demo.EccomercePlatformDemoApplicationTests" time="8.443" tests="1" errors="0" skipped="0" failures="0">
  <properties>
[...]
</properties>
  <testcase name="contextLoads" classname="com.ecommerce.demo.EccomercePlatformDemoApplicationTests" time="0.424">
    <system-out><![CDATA[23:14:17.503 [main] INFO org.springframework.test.context.support.AnnotationConfigContextLoaderUtils -- Could not detect default configuration classes for test class [com.ecommerce.demo.EccomercePlatformDemoApplicationTests]: EccomercePlatformDemoApplicationTests does not declare any static, non-private, non-final, nested classes annotated with @Configuration.
23:14:17.658 [main] INFO org.springframework.boot.test.context.SpringBootTestContextBootstrapper -- Found @SpringBootConfiguration com.ecommerce.demo.EccomercePlatformDemoApplication for test class com.ecommerce.demo.EccomercePlatformDemoApplicationTests

  .   ____          _            __ _ _
 /\\ / ___'_ __ _ _(_)_ __  __ _ \ \ \ \
( ( )\___ | '_ | '_| | '_ \/ _` | \ \ \ \
 \\/  ___)| |_)| | | | | || (_| |  ) ) ) )
  '  |____| .__|_| |_|_| |_\__, | / / / /
 =========|_|==============|___/=/_/_/_/

 :: Spring Boot ::             (v3.4.0-M3)

2024-11-14T23:14:18.220+07:00  INFO 24720 --- [           main] .d.EccomercePlatformDemoApplicationTests : Starting EccomercePlatformDemoApplicationTests using Java 22.0.2 with PID 24720 (started by hoang in C:\Users\hoang\Documents\GitHub\ecommerce_platform-BE-\demo\demo)
2024-11-14T23:14:18.222+07:00 DEBUG 24720 --- [           main] .d.EccomercePlatformDemoApplicationTests : Running with Spring Boot v3.4.0-M3, Spring v6.2.0-RC1
2024-11-14T23:14:18.222+07:00  INFO 24720 --- [           main] .d.EccomercePlatformDemoApplicationTests : No active profile set, falling back to 1 default profile: "default"
2024-11-14T23:14:18.255+07:00 DEBUG 24720 --- [           main] o.s.w.c.s.GenericWebApplicationContext   : Refreshing org.springframework.web.context.support.GenericWebApplicationContext@44d70181
2024-11-14T23:14:18.827+07:00  INFO 24720 --- [           main] .s.d.r.c.RepositoryConfigurationDelegate : Bootstrapping Spring Data JPA repositories in DEFAULT mode.
2024-11-14T23:14:18.843+07:00  INFO 24720 --- [           main] .i.s.PathMatchingResourcePatternResolver : Skipping search for files matching pattern [**/*.class]: directory [C:\Users\hoang\Documents\GitHub\ecommerce_platform-BE-\demo\demo\target\test-classes\com\ecommerce\demo\repository] does not exist
2024-11-14T23:14:18.973+07:00  INFO 24720 --- [           main] .i.s.PathMatchingResourcePatternResolver : Skipping search for files matching pattern [**/*Impl.class]: directory [C:\Users\hoang\Documents\GitHub\ecommerce_platform-BE-\demo\demo\target\test-classes\com\ecommerce\demo\repository] does not exist
2024-11-14T23:14:18.989+07:00  INFO 24720 --- [           main] .s.d.r.c.RepositoryConfigurationDelegate : Finished Spring Data repository scanning in 151 ms. Found 4 JPA repository interfaces.
2024-11-14T23:14:19.833+07:00  INFO 24720 --- [           main] .i.s.PathMatchingResourcePatternResolver : Skipping search for files matching pattern [**/*.class]: directory [C:\Users\hoang\Documents\GitHub\ecommerce_platform-BE-\demo\demo\target\test-classes\com\ecommerce\demo\entity] does not exist
2024-11-14T23:14:19.875+07:00  INFO 24720 --- [           main] o.hibernate.jpa.internal.util.LogHelper  : HHH000204: Processing PersistenceUnitInfo [name: default]
2024-11-14T23:14:19.938+07:00  INFO 24720 --- [           main] org.hibernate.Version                    : HHH000412: Hibernate ORM core version 6.6.1.Final
2024-11-14T23:14:19.974+07:00  INFO 24720 --- [           main] o.h.c.internal.RegionFactoryInitiator    : HHH000026: Second-level cache disabled
2024-11-14T23:14:20.309+07:00  INFO 24720 --- [           main] o.s.o.j.p.SpringPersistenceUnitInfo      : No LoadTimeWeaver setup: ignoring JPA class transformer
2024-11-14T23:14:20.351+07:00  INFO 24720 --- [           main] com.zaxxer.hikari.HikariDataSource       : HikariPool-1 - Starting...
2024-11-14T23:14:20.668+07:00  INFO 24720 --- [           main] com.zaxxer.hikari.pool.HikariPool        : HikariPool-1 - Added connection ConnectionID:1 ClientConnectionId: e5d841f6-d027-4686-a55a-d2d92d46cffa
2024-11-14T23:14:20.670+07:00  INFO 24720 --- [           main] com.zaxxer.hikari.HikariDataSource       : HikariPool-1 - Start completed.
2024-11-14T23:14:20.750+07:00  WARN 24720 --- [           main] org.hibernate.orm.deprecation            : HHH90000025: SQLServerDialect does not need to be specified explicitly using 'hibernate.dialect' (remove the property setting and it will be selected by default)
2024-11-14T23:14:20.768+07:00  INFO 24720 --- [           main] org.hibernate.orm.connections.pooling    : HHH10001005: Database info:
	Database JDBC URL [Connecting through datasource 'HikariDataSource (HikariPool-1)']
	Database driver: undefined/unknown
	Database version: 16.0
	Autocommit mode: undefined/unknown
	Isolation level: undefined/unknown
	Minimum pool size: undefined/unknown
	Maximum pool size: undefined/unknown
2024-11-14T23:14:21.933+07:00  INFO 24720 --- [           main] o.h.e.t.j.p.i.JtaPlatformInitiator       : HHH000489: No JTA platform available (set 'hibernate.transaction.jta.platform' to enable JTA platform integration)
2024-11-14T23:14:22.386+07:00  INFO 24720 --- [           main] j.LocalContainerEntityManagerFactoryBean : Initialized JPA EntityManagerFactory for persistence unit 'default'
2024-11-14T23:14:22.626+07:00  INFO 24720 --- [           main] o.s.d.j.r.query.QueryEnhancerFactory     : Hibernate is in classpath; If applicable, HQL parser will be used.
2024-11-14T23:14:24.601+07:00  WARN 24720 --- [           main] JpaBaseConfiguration$JpaWebConfiguration : spring.jpa.open-in-view is enabled by default. Therefore, database queries may be performed during view rendering. Explicitly configure spring.jpa.open-in-view to disable this warning
2024-11-14T23:14:24.621+07:00  INFO 24720 --- [           main] r$InitializeUserDetailsManagerConfigurer : Global AuthenticationManager configured with UserDetailsService bean with name inMemoryUserDetailsManager
2024-11-14T23:14:24.685+07:00  INFO 24720 --- [           main] o.s.b.a.w.s.WelcomePageHandlerMapping    : Adding welcome page: class path resource [static/index.html]
2024-11-14T23:14:24.747+07:00 DEBUG 24720 --- [           main] s.w.s.m.m.a.RequestMappingHandlerMapping : 12 mappings in 'requestMappingHandlerMapping'
2024-11-14T23:14:24.888+07:00 DEBUG 24720 --- [           main] o.s.w.s.handler.SimpleUrlHandlerMapping  : Patterns [/webjars/**, /**] in 'resourceHandlerMapping'
2024-11-14T23:14:25.104+07:00 DEBUG 24720 --- [           main] s.w.s.m.m.a.RequestMappingHandlerAdapter : ControllerAdvice beans: 0 @ModelAttribute, 0 @InitBinder, 1 RequestBodyAdvice, 1 ResponseBodyAdvice
2024-11-14T23:14:25.145+07:00 DEBUG 24720 --- [           main] .m.m.a.ExceptionHandlerExceptionResolver : ControllerAdvice beans: 0 @ExceptionHandler, 1 ResponseBodyAdvice
2024-11-14T23:14:25.346+07:00  INFO 24720 --- [           main] .d.EccomercePlatformDemoApplicationTests : Started EccomercePlatformDemoApplicationTests in 7.5 seconds (process running for 8.568)
]]></system-out>
    <system-err><![CDATA[WARNING: A Java agent has been loaded dynamically (C:\Users\hoang\.m2\repository\net\bytebuddy\byte-buddy-agent\1.15.1\byte-buddy-agent-1.15.1.jar)
WARNING: If a serviceability tool is in use, please run with -XX:+EnableDynamicAgentLoading to hide this warning
WARNING: If a serviceability tool is not in use, please run with -Djdk.instrument.traceUsage for more information
WARNING: Dynamic loading of agents will be disallowed by default in a future release
]]></system-err>
  </testcase>
</testsuite>